Performing C++ SOURCE FILE Test CMAKE_HAVE_LIBC_PTHREAD failed with the following output:
Change Dir: /home/xiaoqiang/Desktop/zeroerr/exo_control_cpp-master/CMakeFiles/CMakeTmp

Run Build Command(s):/usr/bin/make cmTC_b39d3/fast && /usr/bin/make -f CMakeFiles/cmTC_b39d3.dir/build.make CMakeFiles/cmTC_b39d3.dir/build
make[1]: Entering directory '/home/xiaoqiang/Desktop/zeroerr/exo_control_cpp-master/CMakeFiles/CMakeTmp'
Building CXX object CMakeFiles/cmTC_b39d3.dir/src.cxx.o
/usr/bin/c++    -DCMAKE_HAVE_LIBC_PTHREAD   -o CMakeFiles/cmTC_b39d3.dir/src.cxx.o -c /home/xiaoqiang/Desktop/zeroerr/exo_control_cpp-master/CMakeFiles/CMakeTmp/src.cxx
Linking CXX executable cmTC_b39d3
/usr/bin/cmake -E cmake_link_script CMakeFiles/cmTC_b39d3.dir/link.txt --verbose=1
/usr/bin/c++   -DCMAKE_HAVE_LIBC_PTHREAD    CMakeFiles/cmTC_b39d3.dir/src.cxx.o  -o cmTC_b39d3 
/usr/bin/ld: CMakeFiles/cmTC_b39d3.dir/src.cxx.o: in function `main':
src.cxx:(.text+0x46): undefined reference to `pthread_create'
/usr/bin/ld: src.cxx:(.text+0x52): undefined reference to `pthread_detach'
/usr/bin/ld: src.cxx:(.text+0x63): undefined reference to `pthread_join'
collect2: error: ld returned 1 exit status
make[1]: *** [CMakeFiles/cmTC_b39d3.dir/build.make:87: cmTC_b39d3] Error 1
make[1]: Leaving directory '/home/xiaoqiang/Desktop/zeroerr/exo_control_cpp-master/CMakeFiles/CMakeTmp'
make: *** [Makefile:121: cmTC_b39d3/fast] Error 2


Source file was:
#include <pthread.h>

void* test_func(void* data)
{
  return data;
}

int main(void)
{
  pthread_t thread;
  pthread_create(&thread, NULL, test_func, NULL);
  pthread_detach(thread);
  pthread_join(thread, NULL);
  pthread_atfork(NULL, NULL, NULL);
  pthread_exit(NULL);

  return 0;
}

Determining if the function pthread_create exists in the pthreads failed with the following output:
Change Dir: /home/xiaoqiang/Desktop/zeroerr/exo_control_cpp-master/CMakeFiles/CMakeTmp

Run Build Command(s):/usr/bin/make cmTC_57799/fast && /usr/bin/make -f CMakeFiles/cmTC_57799.dir/build.make CMakeFiles/cmTC_57799.dir/build
make[1]: Entering directory '/home/xiaoqiang/Desktop/zeroerr/exo_control_cpp-master/CMakeFiles/CMakeTmp'
Building CXX object CMakeFiles/cmTC_57799.dir/CheckFunctionExists.cxx.o
/usr/bin/c++    -DCHECK_FUNCTION_EXISTS=pthread_create   -o CMakeFiles/cmTC_57799.dir/CheckFunctionExists.cxx.o -c /home/xiaoqiang/Desktop/zeroerr/exo_control_cpp-master/CMakeFiles/CheckLibraryExists/CheckFunctionExists.cxx
Linking CXX executable cmTC_57799
/usr/bin/cmake -E cmake_link_script CMakeFiles/cmTC_57799.dir/link.txt --verbose=1
/usr/bin/c++   -DCHECK_FUNCTION_EXISTS=pthread_create    CMakeFiles/cmTC_57799.dir/CheckFunctionExists.cxx.o  -o cmTC_57799  -lpthreads 
/usr/bin/ld: cannot find -lpthreads
collect2: error: ld returned 1 exit status
make[1]: *** [CMakeFiles/cmTC_57799.dir/build.make:87: cmTC_57799] Error 1
make[1]: Leaving directory '/home/xiaoqiang/Desktop/zeroerr/exo_control_cpp-master/CMakeFiles/CMakeTmp'
make: *** [Makefile:121: cmTC_57799/fast] Error 2



